[13:41:32] [main/INFO] (FabricLoader/GameProvider) Loading Minecraft 1.20.1 with Fabric Loader 0.16.9
[13:41:32] [main/INFO] (FabricLoader) Loading 4 mods:
	- fabricloader 0.16.9
	- java 17
	- minecraft 1.20.1
	- mixinextras 0.4.1
[13:41:32] [main/INFO] (FabricLoader/Mixin) SpongePowered MIXIN Subsystem Version=0.8.7 Source=file:/C:/Users/kauam/.gradle/caches/modules-2/files-2.1/net.fabricmc/sponge-mixin/0.15.4+mixin.0.8.7/6a12aacc794f1078458433116e9ed42c1cc98096/sponge-mixin-0.15.4+mixin.0.8.7.jar Service=Knot/Fabric Env=CLIENT
[13:41:32] [main/INFO] (FabricLoader/Mixin) Loaded Fabric development mappings for mixin remapper!
[13:41:37] [Datafixer Bootstrap/INFO] (Minecraft) 188 Datafixer optimizations took 202 milliseconds
[13:41:39] [Render thread/INFO] (Minecraft) Environment: authHost='https://authserver.mojang.com', accountsHost='https://api.mojang.com', sessionHost='https://sessionserver.mojang.com', servicesHost='https://api.minecraftservices.com', name='PROD'
[13:41:40] [Render thread/ERROR] (Minecraft) Failed to verify authentication
com.mojang.authlib.exceptions.InvalidCredentialsException: Status: 401
	at com.mojang.authlib.exceptions.MinecraftClientHttpException.toAuthenticationException(MinecraftClientHttpException.java:56) ~[authlib-4.0.43.jar:?]
	at com.mojang.authlib.yggdrasil.YggdrasilUserApiService.fetchProperties(YggdrasilUserApiService.java:156) ~[authlib-4.0.43.jar:?]
	at com.mojang.authlib.yggdrasil.YggdrasilUserApiService.<init>(YggdrasilUserApiService.java:55) ~[authlib-4.0.43.jar:?]
	at com.mojang.authlib.yggdrasil.YggdrasilAuthenticationService.createUserApiService(YggdrasilAuthenticationService.java:124) ~[authlib-4.0.43.jar:?]
	at net.minecraft.client.Minecraft.createUserApiService(Minecraft.java:733) ~[minecraft-merged-3760f957dc-1.20.1-loom.mappings.1_20_1.layered+hash.40545-v2.jar:?]
	at net.minecraft.client.Minecraft.<init>(Minecraft.java:442) ~[minecraft-merged-3760f957dc-1.20.1-loom.mappings.1_20_1.layered+hash.40545-v2.jar:?]
	at net.minecraft.client.main.Main.main(Main.java:211) ~[minecraft-merged-3760f957dc-1.20.1-loom.mappings.1_20_1.layered+hash.40545-v2.jar:?]
	at net.fabricmc.loader.impl.game.minecraft.MinecraftGameProvider.launch(MinecraftGameProvider.java:480) ~[fabric-loader-0.16.9.jar:?]
	at net.fabricmc.loader.impl.launch.knot.Knot.launch(Knot.java:74) ~[fabric-loader-0.16.9.jar:?]
	at net.fabricmc.loader.impl.launch.knot.KnotClient.main(KnotClient.java:23) ~[fabric-loader-0.16.9.jar:?]
	at net.fabricmc.devlaunchinjector.Main.main(Main.java:86) ~[dev-launch-injector-0.2.1+build.8.jar:?]
Caused by: com.mojang.authlib.exceptions.MinecraftClientHttpException: Status: 401
	at com.mojang.authlib.minecraft.client.MinecraftClient.readInputStream(MinecraftClient.java:85) ~[authlib-4.0.43.jar:?]
	at com.mojang.authlib.minecraft.client.MinecraftClient.get(MinecraftClient.java:48) ~[authlib-4.0.43.jar:?]
	at com.mojang.authlib.yggdrasil.YggdrasilUserApiService.fetchProperties(YggdrasilUserApiService.java:129) ~[authlib-4.0.43.jar:?]
	... 9 more
[13:41:40] [Render thread/INFO] (Minecraft) Setting user: Player392
[13:41:40] [Render thread/INFO] (Minecraft) Backend library: LWJGL version 3.3.1 SNAPSHOT
[13:41:42] [Render thread/INFO] (Minecraft) Reloading ResourceManager: vanilla
[13:41:42] [Worker-Main-3/INFO] (Minecraft) Found unifont_all_no_pua-15.0.06.hex, loading
[13:41:43] [Realms Notification Availability checker #1/INFO] (Minecraft) Could not authorize you against Realms server: Invalid session id
[13:41:44] [Render thread/WARN] (Minecraft) Missing sound for event: minecraft:item.goat_horn.play
[13:41:44] [Render thread/WARN] (Minecraft) Missing sound for event: minecraft:entity.goat.screaming.horn_break
[13:41:44] [Render thread/INFO] (Minecraft) OpenAL initialized on device OpenAL Soft on Voicemeeter Input (VB-Audio Voicemeeter VAIO)
[13:41:44] [Render thread/INFO] (Minecraft) Sound engine started
[13:41:44] [Render thread/INFO] (Minecraft) Created: 1024x512x4 minecraft:textures/atlas/blocks.png-atlas
[13:41:44] [Render thread/INFO] (Minecraft) Created: 256x256x4 minecraft:textures/atlas/signs.png-atlas
[13:41:44] [Render thread/INFO] (Minecraft) Created: 512x512x4 minecraft:textures/atlas/shield_patterns.png-atlas
[13:41:44] [Render thread/INFO] (Minecraft) Created: 512x512x4 minecraft:textures/atlas/banner_patterns.png-atlas
[13:41:44] [Render thread/INFO] (Minecraft) Created: 1024x1024x4 minecraft:textures/atlas/armor_trims.png-atlas
[13:41:44] [Render thread/INFO] (Minecraft) Created: 128x64x4 minecraft:textures/atlas/decorated_pot.png-atlas
[13:41:44] [Render thread/INFO] (Minecraft) Created: 256x256x4 minecraft:textures/atlas/chest.png-atlas
[13:41:44] [Render thread/INFO] (Minecraft) Created: 512x256x4 minecraft:textures/atlas/shulker_boxes.png-atlas
[13:41:44] [Render thread/INFO] (Minecraft) Created: 512x256x4 minecraft:textures/atlas/beds.png-atlas
[13:41:44] [Render thread/WARN] (Minecraft) Shader rendertype_entity_translucent_emissive could not find sampler named Sampler2 in the specified shader program.
[13:41:44] [Render thread/INFO] (Minecraft) Created: 256x256x0 minecraft:textures/atlas/particles.png-atlas
[13:41:44] [Render thread/INFO] (Minecraft) Created: 256x256x0 minecraft:textures/atlas/paintings.png-atlas
[13:41:44] [Render thread/INFO] (Minecraft) Created: 128x128x0 minecraft:textures/atlas/mob_effects.png-atlas
[13:41:50] [Render thread/INFO] (Minecraft) Loaded 7 recipes
[13:41:50] [Render thread/INFO] (Minecraft) Loaded 1271 advancements
[13:41:51] [Server thread/INFO] (Minecraft) Starting integrated minecraft server version 1.20.1
[13:41:51] [Server thread/INFO] (Minecraft) Generating keypair
[13:41:52] [Server thread/INFO] (Minecraft) Preparing start region for dimension minecraft:overworld
[13:41:55] [Render thread/INFO] (Minecraft) Preparing spawn area: 0%
[13:41:55] [Render thread/INFO] (Minecraft) Preparing spawn area: 0%
[13:41:55] [Render thread/INFO] (Minecraft) Preparing spawn area: 0%
[13:41:55] [Render thread/INFO] (Minecraft) Preparing spawn area: 0%
[13:41:55] [Render thread/INFO] (Minecraft) Preparing spawn area: 0%
[13:41:55] [Render thread/INFO] (Minecraft) Preparing spawn area: 0%
[13:41:55] [Render thread/INFO] (Minecraft) Preparing spawn area: 0%
[13:41:57] [Render thread/INFO] (Minecraft) Preparing spawn area: 0%
[13:41:57] [Render thread/INFO] (Minecraft) Preparing spawn area: 0%
[13:41:57] [Render thread/INFO] (Minecraft) Preparing spawn area: 0%
[13:41:57] [Render thread/INFO] (Minecraft) Time elapsed: 4841 ms
[13:41:57] [Server thread/INFO] (Minecraft) Changing view distance to 12, from 10
[13:41:57] [Server thread/INFO] (Minecraft) Changing simulation distance to 12, from 0
[13:41:58] [Server thread/INFO] (Minecraft) Player392[local:E:f79bb497] logged in with entity id 175 at (65.2446057459404, 97.99407076651944, 47.23579426064759)
[13:41:58] [Server thread/INFO] (Minecraft) Player392 joined the game
[13:41:59] [Render thread/INFO] (Minecraft) Loaded 2 advancements
[13:42:05] [Render thread/INFO] (Minecraft) Stopping!
[13:42:05] [Server thread/INFO] (Minecraft) Player392 lost connection: Disconnected
[13:42:05] [Server thread/INFO] (Minecraft) Player392 left the game
[13:42:05] [Server thread/INFO] (Minecraft) Stopping singleplayer server as player logged out
[13:42:05] [Server thread/INFO] (Minecraft) Stopping server
[13:42:05] [Server thread/INFO] (Minecraft) Saving players
[13:42:05] [Server thread/INFO] (Minecraft) Saving worlds
[13:42:07] [Server thread/INFO] (Minecraft) Saving chunks for level 'ServerLevel[New World]'/minecraft:overworld
[13:42:08] [Server thread/INFO] (Minecraft) Saving chunks for level 'ServerLevel[New World]'/minecraft:the_end
[13:42:08] [Server thread/INFO] (Minecraft) Saving chunks for level 'ServerLevel[New World]'/minecraft:the_nether
[13:42:08] [Server thread/INFO] (Minecraft) ThreadedAnvilChunkStorage (New World): All chunks are saved
[13:42:08] [Server thread/INFO] (Minecraft) ThreadedAnvilChunkStorage (DIM1): All chunks are saved
[13:42:08] [Server thread/INFO] (Minecraft) ThreadedAnvilChunkStorage (DIM-1): All chunks are saved
[13:42:08] [Server thread/INFO] (Minecraft) ThreadedAnvilChunkStorage: All dimensions are saved
